# JRE version: Java(TM) SE Runtime Environment (8.0_311-b11) (build 1.8.0_311-b11)
# Java VM: Java HotSpot(TM) 64-Bit Server VM (25.311-b11 mixed mode windows-amd64 compressed oops)
Heap:
 PSYoungGen      total 673792K, used 142407K [0x00000000d5980000, 0x00000000fff80000, 0x0000000100000000)
  eden space 653312K, 21% used [0x00000000d5980000,0x00000000de471f50,0x00000000fd780000)
  from space 20480K, 0% used [0x00000000feb80000,0x00000000feba0000,0x00000000fff80000)
  to   space 20480K, 0% used [0x00000000fd780000,0x00000000fd780000,0x00000000feb80000)
 ParOldGen       total 87552K, used 34004K [0x0000000080c00000, 0x0000000086180000, 0x00000000d5980000)
  object space 87552K, 38% used [0x0000000080c00000,0x0000000082d351a0,0x0000000086180000)
 Metaspace       used 9835K, capacity 10062K, committed 10368K, reserved 1058816K
  class space    used 1198K, capacity 1292K, committed 1408K, reserved 1048576K
GC Heap History (10 events):
Event: 1.114 GC heap before
{Heap before GC invocations=6 (full 0):
 PSYoungGen      total 138240K, used 134576K [0x00000000d5980000, 0x00000000e8280000, 0x0000000100000000)
  eden space 133120K, 100% used [0x00000000d5980000,0x00000000ddb80000,0x00000000ddb80000)
  from space 5120K, 28% used [0x00000000ddb80000,0x00000000ddcec010,0x00000000de080000)
  to   space 18944K, 0% used [0x00000000e7000000,0x00000000e7000000,0x00000000e8280000)
 ParOldGen       total 87552K, used 32576K [0x0000000080c00000, 0x0000000086180000, 0x00000000d5980000)
  object space 87552K, 37% used [0x0000000080c00000,0x0000000082bd0060,0x0000000086180000)
 Metaspace       used 9794K, capacity 9998K, committed 10368K, reserved 1058816K
  class space    used 1198K, capacity 1292K, committed 1408K, reserved 1048576K
Event: 1.116 GC heap after
Heap after GC invocations=6 (full 0):
 PSYoungGen      total 284160K, used 1568K [0x00000000d5980000, 0x00000000e8480000, 0x0000000100000000)
  eden space 265216K, 0% used [0x00000000d5980000,0x00000000d5980000,0x00000000e5c80000)
  from space 18944K, 8% used [0x00000000e7000000,0x00000000e7188020,0x00000000e8280000)
  to   space 19968K, 0% used [0x00000000e5c80000,0x00000000e5c80000,0x00000000e7000000)
 ParOldGen       total 87552K, used 32576K [0x0000000080c00000, 0x0000000086180000, 0x00000000d5980000)
  object space 87552K, 37% used [0x0000000080c00000,0x0000000082bd0060,0x0000000086180000)
 Metaspace       used 9794K, capacity 9998K, committed 10368K, reserved 1058816K
  class space    used 1198K, capacity 1292K, committed 1408K, reserved 1048576K
}
Event: 1.378 GC heap before
{Heap before GC invocations=7 (full 0):
 PSYoungGen      total 284160K, used 266784K [0x00000000d5980000, 0x00000000e8480000, 0x0000000100000000)
  eden space 265216K, 100% used [0x00000000d5980000,0x00000000e5c80000,0x00000000e5c80000)
  from space 18944K, 8% used [0x00000000e7000000,0x00000000e7188020,0x00000000e8280000)
  to   space 19968K, 0% used [0x00000000e5c80000,0x00000000e5c80000,0x00000000e7000000)
 ParOldGen       total 87552K, used 32576K [0x0000000080c00000, 0x0000000086180000, 0x00000000d5980000)
  object space 87552K, 37% used [0x0000000080c00000,0x0000000082bd0060,0x0000000086180000)
 Metaspace       used 9806K, capacity 9998K, committed 10368K, reserved 1058816K
  class space    used 1198K, capacity 1292K, committed 1408K, reserved 1048576K
Event: 1.381 GC heap after
Heap after GC invocations=7 (full 0):
 PSYoungGen      total 285184K, used 256K [0x00000000d5980000, 0x00000000f8780000, 0x0000000100000000)
  eden space 265216K, 0% used [0x00000000d5980000,0x00000000d5980000,0x00000000e5c80000)
  from space 19968K, 1% used [0x00000000e5c80000,0x00000000e5cc0000,0x00000000e7000000)
  to   space 20480K, 0% used [0x00000000f7380000,0x00000000f7380000,0x00000000f8780000)
 ParOldGen       total 87552K, used 33956K [0x0000000080c00000, 0x0000000086180000, 0x00000000d5980000)
  object space 87552K, 38% used [0x0000000080c00000,0x0000000082d291a0,0x0000000086180000)
 Metaspace       used 9806K, capacity 9998K, committed 10368K, reserved 1058816K
  class space    used 1198K, capacity 1292K, committed 1408K, reserved 1048576K
}
Event: 1.586 GC heap before
{Heap before GC invocations=8 (full 0):
 PSYoungGen      total 285184K, used 265472K [0x00000000d5980000, 0x00000000f8780000, 0x0000000100000000)
  eden space 265216K, 100% used [0x00000000d5980000,0x00000000e5c80000,0x00000000e5c80000)
  from space 19968K, 1% used [0x00000000e5c80000,0x00000000e5cc0000,0x00000000e7000000)
  to   space 20480K, 0% used [0x00000000f7380000,0x00000000f7380000,0x00000000f8780000)
 ParOldGen       total 87552K, used 33956K [0x0000000080c00000, 0x0000000086180000, 0x00000000d5980000)
  object space 87552K, 38% used [0x0000000080c00000,0x0000000082d291a0,0x0000000086180000)
 Metaspace       used 9809K, capacity 9998K, committed 10368K, reserved 1058816K
  class space    used 1198K, capacity 1292K, committed 1408K, reserved 1048576K
Event: 1.587 GC heap after
Heap after GC invocations=8 (full 0):
 PSYoungGen      total 550400K, used 128K [0x00000000d5980000, 0x00000000f8880000, 0x0000000100000000)
  eden space 529920K, 0% used [0x00000000d5980000,0x00000000d5980000,0x00000000f5f00000)
  from space 20480K, 0% used [0x00000000f7380000,0x00000000f73a0000,0x00000000f8780000)
  to   space 20992K, 0% used [0x00000000f5f00000,0x00000000f5f00000,0x00000000f7380000)
 ParOldGen       total 87552K, used 33980K [0x0000000080c00000, 0x0000000086180000, 0x00000000d5980000)
  object space 87552K, 38% used [0x0000000080c00000,0x0000000082d2f1a0,0x0000000086180000)
 Metaspace       used 9809K, capacity 9998K, committed 10368K, reserved 1058816K
  class space    used 1198K, capacity 1292K, committed 1408K, reserved 1048576K
}
Event: 2.062 GC heap before
{Heap before GC invocations=9 (full 0):
 PSYoungGen      total 550400K, used 530048K [0x00000000d5980000, 0x00000000f8880000, 0x0000000100000000)
  eden space 529920K, 100% used [0x00000000d5980000,0x00000000f5f00000,0x00000000f5f00000)
  from space 20480K, 0% used [0x00000000f7380000,0x00000000f73a0000,0x00000000f8780000)
  to   space 20992K, 0% used [0x00000000f5f00000,0x00000000f5f00000,0x00000000f7380000)
 ParOldGen       total 87552K, used 33980K [0x0000000080c00000, 0x0000000086180000, 0x00000000d5980000)
  object space 87552K, 38% used [0x0000000080c00000,0x0000000082d2f1a0,0x0000000086180000)
 Metaspace       used 9827K, capacity 10062K, committed 10368K, reserved 1058816K
  class space    used 1198K, capacity 1292K, committed 1408K, reserved 1048576K
Event: 2.063 GC heap after
Heap after GC invocations=9 (full 0):
 PSYoungGen      total 550912K, used 96K [0x00000000d5980000, 0x00000000fff80000, 0x0000000100000000)
  eden space 529920K, 0% used [0x00000000d5980000,0x00000000d5980000,0x00000000f5f00000)
  from space 20992K, 0% used [0x00000000f5f00000,0x00000000f5f18000,0x00000000f7380000)
  to   space 20480K, 0% used [0x00000000feb80000,0x00000000feb80000,0x00000000fff80000)
 ParOldGen       total 87552K, used 33988K [0x0000000080c00000, 0x0000000086180000, 0x00000000d5980000)
  object space 87552K, 38% used [0x0000000080c00000,0x0000000082d311a0,0x0000000086180000)
 Metaspace       used 9827K, capacity 10062K, committed 10368K, reserved 1058816K
  class space    used 1198K, capacity 1292K, committed 1408K, reserved 1048576K
}
Event: 2.458 GC heap before
{Heap before GC invocations=10 (full 0):
 PSYoungGen      total 550912K, used 530016K [0x00000000d5980000, 0x00000000fff80000, 0x0000000100000000)
  eden space 529920K, 100% used [0x00000000d5980000,0x00000000f5f00000,0x00000000f5f00000)
  from space 20992K, 0% used [0x00000000f5f00000,0x00000000f5f18000,0x00000000f7380000)
  to   space 20480K, 0% used [0x00000000feb80000,0x00000000feb80000,0x00000000fff80000)
 ParOldGen       total 87552K, used 33988K [0x0000000080c00000, 0x0000000086180000, 0x00000000d5980000)
  object space 87552K, 38% used [0x0000000080c00000,0x0000000082d311a0,0x0000000086180000)
 Metaspace       used 9835K, capacity 10062K, committed 10368K, reserved 1058816K
  class space    used 1198K, capacity 1292K, committed 1408K, reserved 1048576K
Event: 2.458 GC heap after
Heap after GC invocations=10 (full 0):
 PSYoungGen      total 673792K, used 128K [0x00000000d5980000, 0x00000000fff80000, 0x0000000100000000)
  eden space 653312K, 0% used [0x00000000d5980000,0x00000000d5980000,0x00000000fd780000)
  from space 20480K, 0% used [0x00000000feb80000,0x00000000feba0000,0x00000000fff80000)
  to   space 20480K, 0% used [0x00000000fd780000,0x00000000fd780000,0x00000000feb80000)
 ParOldGen       total 87552K, used 34004K [0x0000000080c00000, 0x0000000086180000, 0x00000000d5980000)
  object space 87552K, 38% used [0x0000000080c00000,0x0000000082d351a0,0x0000000086180000)
 Metaspace       used 9835K, capacity 10062K, committed 10368K, reserved 1058816K
  class space    used 1198K, capacity 1292K, committed 1408K, reserved 1048576K
}

